Arguments: 
  /usr/local/Cellar/node@8/8.11.2/bin/node /usr/local/Cellar/yarn/1.6.0/libexec/bin/yarn.js dev

PATH: 
  /usr/local/opt/node@8/bin:/usr/local/bin:/usr/local/sbin:/usr/local/bin:/usr/bin:/bin:/usr/sbin:/sbin:/usr/local/opt/node@8/bin

Yarn version: 
  1.6.0

Node version: 
  8.11.2

Platform: 
  darwin x64

Trace: 
  SyntaxError: /Users/sergio/Sites/docker/nuxt/package.json: Unexpected token } in JSON at position 370
      at JSON.parse (<anonymous>)
      at /usr/local/Cellar/yarn/1.6.0/libexec/lib/cli.js:1130:59
      at Generator.next (<anonymous>)
      at step (/usr/local/Cellar/yarn/1.6.0/libexec/lib/cli.js:98:30)
      at /usr/local/Cellar/yarn/1.6.0/libexec/lib/cli.js:109:13
      at <anonymous>

npm manifest: 
  {
    "name": "nuxt",
    "version": "1.0.0",
    "description": "Nuxt.js project",
    "author": "Sergio Gallego <sgallego@dfutura.com>",
    "private": true,
    "scripts": {
      "dev": "nuxt",
      "build": "nuxt build",
      "start": "nuxt start",
      "generate": "nuxt generate",
      "lint": "eslint --ext .js,.vue --ignore-path .gitignore .",
      "precommit": "npm run lint",
    },
    "dependencies": {
      "nuxt": "^1.0.0"
    },
    "devDependencies": {
      "ava": "^0.25.0",
      "babel-eslint": "^8.2.1",
      "eslint": "^4.15.0",
      "eslint-friendly-formatter": "^3.0.0",
      "eslint-loader": "^1.7.1",
      "eslint-plugin-html": "^4.0.2",
      "eslint-plugin-promise": "^3.7.0",
      "eslint-plugin-standard": "^3.0.1",
      "eslint-plugin-vue": "^4.0.0",
      "jsdom": "^12.0.0"
    }
  }

yarn manifest: 
  No manifest

Lockfile: 
  No lockfile
